<?xml version="1.0" encoding="UTF-8"?>
<!-- Generated by org.testng.reporters.JUnitReportReporter -->
<testsuite hostname="DESKTOP-MO5TB1L" failures="0" tests="1" name="testNG.e2e_User3" time="16.823" errors="0" timestamp="2024-08-16T12:49:58 BST" skipped="0">
  <testcase classname="testNG.e2e_User3" name="Test_case" time="16.823"/>
  <system-out/>
</testsuite> <!-- testNG.e2e_User3 -->
