<?xml version="1.0" encoding="UTF-8"?>
<!-- Generated by org.testng.reporters.JUnitReportReporter -->
<testsuite hostname="DESKTOP-MO5TB1L" failures="0" tests="1" name="Test.HomePage_Test" time="10.842" errors="0" timestamp="2024-08-15T19:33:58 BST" skipped="0">
  <testcase classname="Test.HomePage_Test" name="Test_case_6" time="10.842"/>
  <system-out/>
</testsuite> <!-- Test.HomePage_Test -->
