<?xml version="1.0" encoding="UTF-8"?>
<!-- Generated by org.testng.reporters.JUnitReportReporter -->
<testsuite hostname="DESKTOP-MO5TB1L" failures="0" tests="2" name="Test.CheckoutTest" time="29.853" errors="0" timestamp="2024-08-16T12:30:17 BST" skipped="0">
  <testcase classname="Test.CheckoutTest" name="Test_case_1" time="14.924"/>
  <system-out/>
  <testcase classname="Test.CheckoutTest" name="Test_case_2" time="14.929"/>
  <system-out/>
</testsuite> <!-- Test.CheckoutTest -->
