<?xml version="1.0" encoding="UTF-8"?>
<!-- Generated by org.testng.reporters.JUnitReportReporter -->
<testsuite hostname="DESKTOP-MO5TB1L" failures="0" tests="2" name="testNG.testNGtwo" time="11.832" errors="0" timestamp="2024-08-15T22:02:22 BST" skipped="0">
  <testcase classname="testNG.testNGtwo" name="Test_case_1" time="7.701"/>
  <system-out/>
  <testcase classname="testNG.testNGtwo" name="Test_case_2" time="4.131"/>
  <system-out/>
</testsuite> <!-- testNG.testNGtwo -->
