<?xml version="1.0" encoding="UTF-8"?>
<!-- Generated by org.testng.reporters.JUnitReportReporter -->
<testsuite hostname="DESKTOP-MO5TB1L" failures="0" tests="2" name="testNG.testNGone" time="12.074" errors="0" timestamp="2024-08-15T22:02:22 BST" skipped="0">
  <testcase classname="testNG.testNGone" name="Test_case_two" time="6.013"/>
  <system-out/>
  <testcase classname="testNG.testNGone" name="Test_case_one" time="6.061"/>
  <system-out/>
</testsuite> <!-- testNG.testNGone -->
