<?xml version="1.0" encoding="UTF-8"?>
<!-- Generated by org.testng.reporters.JUnitReportReporter -->
<testsuite hostname="DESKTOP-MO5TB1L" failures="0" tests="4" name="Test.CartTest" time="51.398" errors="0" timestamp="2024-08-15T20:24:50 BST" skipped="0">
  <testcase classname="Test.CartTest" name="Test_case_4" time="14.258"/>
  <system-out/>
  <testcase classname="Test.CartTest" name="Test_case_3" time="13.067"/>
  <system-out/>
  <testcase classname="Test.CartTest" name="Test_case_1" time="12.616"/>
  <system-out/>
  <testcase classname="Test.CartTest" name="Test_case_2" time="11.457"/>
  <system-out/>
</testsuite> <!-- Test.CartTest -->
