<?xml version="1.0" encoding="UTF-8"?>
<!-- Generated by org.testng.reporters.JUnitReportReporter -->
<testsuite hostname="DESKTOP-MO5TB1L" failures="0" tests="1" name="ASSESMENT.Assertion" time="12.174" errors="0" timestamp="2024-08-14T00:14:27 BST" skipped="0">
  <testcase classname="ASSESMENT.Assertion" name="loopFunction" time="12.174"/>
  <system-out/>
</testsuite> <!-- ASSESMENT.Assertion -->
