<?xml version="1.0" encoding="UTF-8"?>
<!-- Generated by org.testng.reporters.JUnitReportReporter -->
<testsuite hostname="DESKTOP-MO5TB1L" failures="0" tests="5" name="Test.InventoryPageTest" time="43.042" errors="0" timestamp="2024-08-16T12:27:02 BST" skipped="0">
  <testcase classname="Test.InventoryPageTest" name="Test_case_4" time="5.730"/>
  <system-out/>
  <testcase classname="Test.InventoryPageTest" name="Test_case_2" time="8.521"/>
  <system-out/>
  <testcase classname="Test.InventoryPageTest" name="Test_case_3" time="9.762"/>
  <system-out/>
  <testcase classname="Test.InventoryPageTest" name="Test_case_5" time="13.265"/>
  <system-out/>
  <testcase classname="Test.InventoryPageTest" name="Test_case" time="5.764"/>
  <system-out/>
</testsuite> <!-- Test.InventoryPageTest -->
